Arguments: 
  C:\Program Files\nodejs\node.exe C:\Program Files (x86)\Yarn\bin\yarn.js

PATH: 
  C:\Users\diderot\bin;C:\Program Files\Git\mingw64\bin;C:\Program Files\Git\usr\local\bin;C:\Program Files\Git\usr\bin;C:\Program Files\Git\usr\bin;C:\Program Files\Git\mingw64\bin;C:\Program Files\Git\usr\bin;C:\Users\diderot\bin;C:\Windows\system32;C:\Windows;C:\Windows\System32\Wbem;C:\Windows\System32\WindowsPowerShell\v1.0;C:\Windows\System32\OpenSSH;C:\Users\diderot\AppData\Roaming\nvm;C:\Program Files\nodejs;C:\Program Files\Git\cmd;C:\Program Files (x86)\Yarn\bin;C:\Users\diderot\AppData\Local\Microsoft\WindowsApps;C:\Users\diderot\AppData\Roaming\nvm;C:\Program Files\nodejs;C:\Users\diderot\AppData\Local\Yarn\bin;C:\Users\diderot\AppData\Local\Programs\Microsoft VS Code\bin;C:\Program Files\Git\usr\bin\vendor_perl;C:\Program Files\Git\usr\bin\core_perl

Yarn version: 
  1.21.1

Node version: 
  12.14.0

Platform: 
  win32 x64

Trace: 
  Error: https://registry.yarnpkg.com/@icons/material/-/material-0.2.4.tgz: ESOCKETTIMEDOUT
      at ClientRequest.<anonymous> (C:\Program Files (x86)\Yarn\lib\cli.js:141292:19)
      at Object.onceWrapper (events.js:299:28)
      at ClientRequest.emit (events.js:210:5)
      at TLSSocket.emitRequestTimeout (_http_client.js:690:9)
      at Object.onceWrapper (events.js:299:28)
      at TLSSocket.emit (events.js:210:5)
      at TLSSocket.Socket._onTimeout (net.js:469:8)
      at listOnTimeout (internal/timers.js:531:17)
      at processTimers (internal/timers.js:475:7)

npm manifest: 
  {
    "name": "angular-electron",
    "version": "6.4.1",
    "description": "Angular 8 with Electron (Typescript + SASS + Hot Reload)",
    "homepage": "https://github.com/maximegris/angular-electron",
    "author": {
      "name": "Maxime GRIS",
      "email": "maxime.gris@gmail.com"
    },
    "keywords": [
      "ik",
      "ik solvers",
      "inverse kinematicks",
      "angular",
      "angular 8",
      "electron",
      "typescript",
      "eslint",
      "spectron",
      "sass"
    ],
    "main": "main.js",
    "private": true,
    "scripts": {
      "postinstall": "electron-builder install-app-deps",
      "ng": "ng",
      "start": "npm-run-all -p ng:serve electron:serve",
      "build": "npm run electron:serve-tsc && ng build",
      "build:dev": "npm run build -- -c dev",
      "build:prod": "npm run build -- -c production",
      "ng:serve": "ng serve",
      "ng:serve:web": "ng serve -c web -o",
      "electron:serve-tsc": "tsc -p tsconfig-serve.json",
      "electron:serve": "wait-on http-get://localhost:4200/ && npm run electron:serve-tsc && electron . --serve",
      "electron:local": "npm run build:prod && electron .",
      "electron:linux": "npm run build:prod && electron-builder build --linux",
      "electron:windows": "npm run build:prod && electron-builder build --windows",
      "electron:mac": "npm run build:prod && electron-builder build --mac",
      "test": "ng test",
      "e2e": "npm run build:prod && mocha --timeout 300000 --require ts-node/register e2e/**/*.spec.ts",
      "version": "conventional-changelog -i CHANGELOG.md -s -r 0 && git add CHANGELOG.md",
      "lint": "ng lint",
      "storybook": "start-storybook -p 6006",
      "build-storybook": "build-storybook"
    },
    "devDependencies": {
      "@angular-builders/custom-webpack": "8.2.0",
      "@angular-devkit/build-angular": "0.803.21",
      "@angular-eslint/builder": "0.0.1-alpha.17",
      "@angular/cli": "8.3.21",
      "@angular/common": "8.2.14",
      "@angular/compiler": "8.2.14",
      "@angular/compiler-cli": "8.2.14",
      "@angular/core": "8.2.14",
      "@angular/forms": "8.2.14",
      "@angular/language-service": "8.2.14",
      "@angular/platform-browser": "8.2.14",
      "@angular/platform-browser-dynamic": "8.2.14",
      "@angular/router": "8.2.14",
      "@babel/core": "7.7.7",
      "@ngx-translate/core": "11.0.1",
      "@ngx-translate/http-loader": "4.0.0",
      "@storybook/addon-actions": "5.3.10",
      "@storybook/addon-links": "5.3.10",
      "@storybook/addon-notes": "5.3.10",
      "@storybook/addons": "5.3.10",
      "@storybook/angular": "5.3.10",
      "@types/jasmine": "3.3.16",
      "@types/jasminewd2": "2.0.8",
      "@types/mocha": "5.2.7",
      "@types/node": "12.6.9",
      "@typescript-eslint/eslint-plugin": "2.8.0",
      "@typescript-eslint/parser": "2.8.0",
      "babel-loader": "8.0.6",
      "chai": "4.2.0",
      "codelyzer": "5.1.2",
      "conventional-changelog-cli": "2.0.32",
      "core-js": "3.1.4",
      "electron": "7.1.7",
      "electron-builder": "21.2.0",
      "electron-reload": "1.5.0",
      "eslint": "6.6.0",
      "eslint-plugin-import": "2.18.2",
      "jasmine-core": "3.4.0",
      "jasmine-spec-reporter": "4.2.1",
      "karma": "4.2.0",
      "karma-coverage-istanbul-reporter": "2.1.1",
      "karma-electron": "6.3.0",
      "karma-jasmine": "2.0.1",
      "karma-jasmine-html-reporter": "1.4.2",
      "mocha": "6.2.2",
      "npm-run-all": "4.1.5",
      "rxjs": "6.5.3",
      "spectron": "9.0.0",
      "ts-node": "8.3.0",
      "typescript": "3.5.3",
      "wait-on": "3.3.0",
      "webdriver-manager": "12.1.7",
      "zone.js": "0.9.1"
    },
    "engines": {
      "node": ">=10.9.0"
    },
    "dependencies": {
      "@storybook/addon-knobs": "5.3.10",
      "@storybook/addon-options": "5.3.10",
      "atft": "1.2.0",
      "three": "0.112.1",
      "three.meshline": "1.2.0"
    }
  }

yarn manifest: 
  No manifest

Lockfile: 
  No lockfile
